<?xml version="1.0" encoding="UTF-8"?>
<testsuite name="ucf.assignments.changeToCurrencyTest" tests="1" skipped="0" failures="0" errors="0" timestamp="2021-07-23T02:19:24" hostname="Vincents-MacBook-Pro.local" time="0.031">
  <properties/>
  <testcase name="changeToCurrency()" classname="ucf.assignments.changeToCurrencyTest" time="0.031"/>
  <system-out><![CDATA[]]></system-out>
  <system-err><![CDATA[]]></system-err>
</testsuite>
